17:34:37 INFO  : Registering command handlers for SDK TCF services
17:34:38 INFO  : Launching XSCT server: xsct.bat -interactive C:\temp\dhl_ex4\VHDL_Ex3.sdk\temp_xsdb_launch_script.tcl
17:34:42 INFO  : XSCT server has started successfully.
17:34:46 INFO  : Successfully done setting XSCT server connection channel  
17:34:46 INFO  : Processing command line option -hwspec C:/temp/dhl_ex4/VHDL_Ex3.sdk/system_top.hdf.
17:34:46 INFO  : Successfully done setting SDK workspace  
17:36:30 INFO  : Project 'hw_platform_0' created. You can now create BSPs and application projects targeting this hardware platform.
17:41:59 INFO  : Connected to target on host '127.0.0.1' and port '3121'.
17:42:56 INFO  : Connected to target on host '127.0.0.1' and port '3121'.
17:42:56 INFO  : 'targets -set -filter {jtag_cable_name =~ "Digilent Zed 210248570877" && level==0} -index 1' command is executed.
17:42:59 INFO  : FPGA configured successfully with bitstream "C:/temp/dhl_ex4/VHDL_Ex3.sdk/hw_platform_0/system_top.bit"
17:44:22 INFO  : Connected to target on host '127.0.0.1' and port '3121'.
17:44:22 INFO  : 'targets -set -filter {jtag_cable_name =~ "Digilent Zed 210248570877" && level==0} -index 1' command is executed.
17:44:25 INFO  : FPGA configured successfully with bitstream "C:/temp/dhl_ex4/VHDL_Ex3.sdk/hw_platform_0/system_top.bit"
17:44:47 INFO  : 'targets -set -filter {jtag_cable_name =~ "Digilent Zed 210248570877" && level==0} -index 1' command is executed.
17:44:47 INFO  : 'fpga -state' command is executed.
17:44:47 INFO  : Connected to target on host '127.0.0.1' and port '3121'.
17:44:47 INFO  : Jtag cable 'Digilent Zed 210248570877' is selected.
17:44:47 INFO  : 'jtag frequency' command is executed.
17:44:47 INFO  : Sourcing of 'C:/temp/dhl_ex4/VHDL_Ex3.sdk/hw_platform_0/ps7_init.tcl' is done.
17:44:47 INFO  : Context for 'APU' is selected.
17:44:47 INFO  : Hardware design information is loaded from 'C:/temp/dhl_ex4/VHDL_Ex3.sdk/hw_platform_0/system.hdf'.
17:44:47 INFO  : 'configparams force-mem-access 1' command is executed.
17:44:47 INFO  : Context for 'APU' is selected.
17:44:47 INFO  : 'stop' command is executed.
17:44:48 INFO  : 'ps7_init' command is executed.
17:44:48 INFO  : 'ps7_post_config' command is executed.
17:44:48 INFO  : Context for processor 'ps7_cortexa9_0' is selected.
17:44:48 INFO  : Processor reset is completed for 'ps7_cortexa9_0'.
17:44:48 INFO  : Context for processor 'ps7_cortexa9_0' is selected.
17:44:48 INFO  : The application 'C:/temp/dhl_ex4/VHDL_Ex3.sdk/Divider_prj/Debug/Divider_prj.elf' is downloaded to processor 'ps7_cortexa9_0'.
17:44:48 INFO  : 'configparams force-mem-access 0' command is executed.
17:44:48 INFO  : ----------------XSDB Script----------------
connect -url tcp:127.0.0.1:3121
source C:/temp/dhl_ex4/VHDL_Ex3.sdk/hw_platform_0/ps7_init.tcl
targets -set -nocase -filter {name =~"APU*" && jtag_cable_name =~ "Digilent Zed 210248570877"} -index 0
loadhw -hw C:/temp/dhl_ex4/VHDL_Ex3.sdk/hw_platform_0/system.hdf -mem-ranges [list {0x40000000 0xbfffffff}]
configparams force-mem-access 1
targets -set -nocase -filter {name =~"APU*" && jtag_cable_name =~ "Digilent Zed 210248570877"} -index 0
stop
ps7_init
ps7_post_config
targets -set -nocase -filter {name =~ "ARM*#0" && jtag_cable_name =~ "Digilent Zed 210248570877"} -index 0
rst -processor
targets -set -nocase -filter {name =~ "ARM*#0" && jtag_cable_name =~ "Digilent Zed 210248570877"} -index 0
dow C:/temp/dhl_ex4/VHDL_Ex3.sdk/Divider_prj/Debug/Divider_prj.elf
configparams force-mem-access 0
----------------End of Script----------------

17:44:48 INFO  : Context for processor 'ps7_cortexa9_0' is selected.
17:44:48 INFO  : 'con' command is executed.
17:44:48 INFO  : ----------------XSDB Script (After Launch)----------------
targets -set -nocase -filter {name =~ "ARM*#0" && jtag_cable_name =~ "Digilent Zed 210248570877"} -index 0
con
----------------End of Script----------------

17:44:48 INFO  : Disconnected from the channel tcfchan#1.
17:45:17 INFO  : 'targets -set -filter {jtag_cable_name =~ "Digilent Zed 210248570877" && level==0} -index 1' command is executed.
17:45:17 INFO  : 'fpga -state' command is executed.
17:45:17 INFO  : Connected to target on host '127.0.0.1' and port '3121'.
17:45:17 INFO  : Jtag cable 'Digilent Zed 210248570877' is selected.
17:45:17 INFO  : 'jtag frequency' command is executed.
17:45:17 INFO  : Sourcing of 'C:/temp/dhl_ex4/VHDL_Ex3.sdk/hw_platform_0/ps7_init.tcl' is done.
17:45:17 INFO  : Context for 'APU' is selected.
17:45:17 INFO  : Hardware design information is loaded from 'C:/temp/dhl_ex4/VHDL_Ex3.sdk/hw_platform_0/system.hdf'.
17:45:17 INFO  : 'configparams force-mem-access 1' command is executed.
17:45:17 INFO  : Context for 'APU' is selected.
17:45:17 INFO  : 'stop' command is executed.
17:45:18 INFO  : 'ps7_init' command is executed.
17:45:18 INFO  : 'ps7_post_config' command is executed.
17:45:18 INFO  : Context for processor 'ps7_cortexa9_0' is selected.
17:45:18 INFO  : Processor reset is completed for 'ps7_cortexa9_0'.
17:45:18 INFO  : Context for processor 'ps7_cortexa9_0' is selected.
17:45:18 INFO  : The application 'C:/temp/dhl_ex4/VHDL_Ex3.sdk/Divider_prj/Debug/Divider_prj.elf' is downloaded to processor 'ps7_cortexa9_0'.
17:45:18 INFO  : 'configparams force-mem-access 0' command is executed.
17:45:18 INFO  : ----------------XSDB Script----------------
connect -url tcp:127.0.0.1:3121
source C:/temp/dhl_ex4/VHDL_Ex3.sdk/hw_platform_0/ps7_init.tcl
targets -set -nocase -filter {name =~"APU*" && jtag_cable_name =~ "Digilent Zed 210248570877"} -index 0
loadhw -hw C:/temp/dhl_ex4/VHDL_Ex3.sdk/hw_platform_0/system.hdf -mem-ranges [list {0x40000000 0xbfffffff}]
configparams force-mem-access 1
targets -set -nocase -filter {name =~"APU*" && jtag_cable_name =~ "Digilent Zed 210248570877"} -index 0
stop
ps7_init
ps7_post_config
targets -set -nocase -filter {name =~ "ARM*#0" && jtag_cable_name =~ "Digilent Zed 210248570877"} -index 0
rst -processor
targets -set -nocase -filter {name =~ "ARM*#0" && jtag_cable_name =~ "Digilent Zed 210248570877"} -index 0
dow C:/temp/dhl_ex4/VHDL_Ex3.sdk/Divider_prj/Debug/Divider_prj.elf
configparams force-mem-access 0
----------------End of Script----------------

17:45:18 INFO  : Context for processor 'ps7_cortexa9_0' is selected.
17:45:18 INFO  : 'con' command is executed.
17:45:18 INFO  : ----------------XSDB Script (After Launch)----------------
targets -set -nocase -filter {name =~ "ARM*#0" && jtag_cable_name =~ "Digilent Zed 210248570877"} -index 0
con
----------------End of Script----------------

17:45:19 INFO  : Disconnected from the channel tcfchan#2.
17:45:34 INFO  : Connected to target on host '127.0.0.1' and port '3121'.
17:45:35 INFO  : 'targets -set -filter {jtag_cable_name =~ "Digilent Zed 210248570877" && level==0} -index 1' command is executed.
17:45:37 INFO  : FPGA configured successfully with bitstream "C:/temp/dhl_ex4/VHDL_Ex3.sdk/hw_platform_0/system_top.bit"
17:45:58 INFO  : 'targets -set -filter {jtag_cable_name =~ "Digilent Zed 210248570877" && level==0} -index 1' command is executed.
17:45:58 INFO  : 'fpga -state' command is executed.
17:45:58 INFO  : Connected to target on host '127.0.0.1' and port '3121'.
17:45:59 INFO  : Jtag cable 'Digilent Zed 210248570877' is selected.
17:45:59 INFO  : 'jtag frequency' command is executed.
17:45:59 INFO  : Sourcing of 'C:/temp/dhl_ex4/VHDL_Ex3.sdk/hw_platform_0/ps7_init.tcl' is done.
17:45:59 INFO  : Context for 'APU' is selected.
17:45:59 INFO  : Hardware design information is loaded from 'C:/temp/dhl_ex4/VHDL_Ex3.sdk/hw_platform_0/system.hdf'.
17:45:59 INFO  : 'configparams force-mem-access 1' command is executed.
17:45:59 INFO  : Context for 'APU' is selected.
17:45:59 INFO  : 'stop' command is executed.
17:45:59 INFO  : 'ps7_init' command is executed.
17:45:59 INFO  : 'ps7_post_config' command is executed.
17:45:59 INFO  : Context for processor 'ps7_cortexa9_0' is selected.
17:45:59 INFO  : Processor reset is completed for 'ps7_cortexa9_0'.
17:45:59 INFO  : Context for processor 'ps7_cortexa9_0' is selected.
17:46:00 INFO  : The application 'C:/temp/dhl_ex4/VHDL_Ex3.sdk/Divider_prj/Debug/Divider_prj.elf' is downloaded to processor 'ps7_cortexa9_0'.
17:46:00 INFO  : 'configparams force-mem-access 0' command is executed.
17:46:00 INFO  : ----------------XSDB Script----------------
connect -url tcp:127.0.0.1:3121
source C:/temp/dhl_ex4/VHDL_Ex3.sdk/hw_platform_0/ps7_init.tcl
targets -set -nocase -filter {name =~"APU*" && jtag_cable_name =~ "Digilent Zed 210248570877"} -index 0
loadhw -hw C:/temp/dhl_ex4/VHDL_Ex3.sdk/hw_platform_0/system.hdf -mem-ranges [list {0x40000000 0xbfffffff}]
configparams force-mem-access 1
targets -set -nocase -filter {name =~"APU*" && jtag_cable_name =~ "Digilent Zed 210248570877"} -index 0
stop
ps7_init
ps7_post_config
targets -set -nocase -filter {name =~ "ARM*#0" && jtag_cable_name =~ "Digilent Zed 210248570877"} -index 0
rst -processor
targets -set -nocase -filter {name =~ "ARM*#0" && jtag_cable_name =~ "Digilent Zed 210248570877"} -index 0
dow C:/temp/dhl_ex4/VHDL_Ex3.sdk/Divider_prj/Debug/Divider_prj.elf
configparams force-mem-access 0
----------------End of Script----------------

17:46:00 INFO  : Context for processor 'ps7_cortexa9_0' is selected.
17:46:00 INFO  : 'con' command is executed.
17:46:00 INFO  : ----------------XSDB Script (After Launch)----------------
targets -set -nocase -filter {name =~ "ARM*#0" && jtag_cable_name =~ "Digilent Zed 210248570877"} -index 0
con
----------------End of Script----------------

17:46:00 INFO  : Disconnected from the channel tcfchan#3.
18:14:11 INFO  : Connected to target on host '127.0.0.1' and port '3121'.
18:14:11 INFO  : 'targets -set -filter {jtag_cable_name =~ "Digilent Zed 210248570877" && level==0} -index 1' command is executed.
18:14:14 INFO  : FPGA configured successfully with bitstream "C:/temp/dhl_ex4/VHDL_Ex3.sdk/hw_platform_0/system_top.bit"
18:14:27 INFO  : 'targets -set -filter {jtag_cable_name =~ "Digilent Zed 210248570877" && level==0} -index 1' command is executed.
18:14:27 INFO  : 'fpga -state' command is executed.
18:14:27 INFO  : Connected to target on host '127.0.0.1' and port '3121'.
18:14:27 INFO  : Jtag cable 'Digilent Zed 210248570877' is selected.
18:14:27 INFO  : 'jtag frequency' command is executed.
18:14:27 INFO  : Sourcing of 'C:/temp/dhl_ex4/VHDL_Ex3.sdk/hw_platform_0/ps7_init.tcl' is done.
18:14:27 INFO  : Context for 'APU' is selected.
18:14:27 INFO  : Hardware design information is loaded from 'C:/temp/dhl_ex4/VHDL_Ex3.sdk/hw_platform_0/system.hdf'.
18:14:27 INFO  : 'configparams force-mem-access 1' command is executed.
18:14:27 INFO  : Context for 'APU' is selected.
18:14:28 INFO  : 'stop' command is executed.
18:14:28 INFO  : 'ps7_init' command is executed.
18:14:28 INFO  : 'ps7_post_config' command is executed.
18:14:28 INFO  : Context for processor 'ps7_cortexa9_0' is selected.
18:14:28 INFO  : Processor reset is completed for 'ps7_cortexa9_0'.
18:14:28 INFO  : Context for processor 'ps7_cortexa9_0' is selected.
18:14:29 INFO  : The application 'C:/temp/dhl_ex4/VHDL_Ex3.sdk/Divider_prj/Debug/Divider_prj.elf' is downloaded to processor 'ps7_cortexa9_0'.
18:14:29 INFO  : 'configparams force-mem-access 0' command is executed.
18:14:29 INFO  : ----------------XSDB Script----------------
connect -url tcp:127.0.0.1:3121
source C:/temp/dhl_ex4/VHDL_Ex3.sdk/hw_platform_0/ps7_init.tcl
targets -set -nocase -filter {name =~"APU*" && jtag_cable_name =~ "Digilent Zed 210248570877"} -index 0
loadhw -hw C:/temp/dhl_ex4/VHDL_Ex3.sdk/hw_platform_0/system.hdf -mem-ranges [list {0x40000000 0xbfffffff}]
configparams force-mem-access 1
targets -set -nocase -filter {name =~"APU*" && jtag_cable_name =~ "Digilent Zed 210248570877"} -index 0
stop
ps7_init
ps7_post_config
targets -set -nocase -filter {name =~ "ARM*#0" && jtag_cable_name =~ "Digilent Zed 210248570877"} -index 0
rst -processor
targets -set -nocase -filter {name =~ "ARM*#0" && jtag_cable_name =~ "Digilent Zed 210248570877"} -index 0
dow C:/temp/dhl_ex4/VHDL_Ex3.sdk/Divider_prj/Debug/Divider_prj.elf
configparams force-mem-access 0
----------------End of Script----------------

18:14:29 INFO  : Context for processor 'ps7_cortexa9_0' is selected.
18:14:29 INFO  : 'con' command is executed.
18:14:29 INFO  : ----------------XSDB Script (After Launch)----------------
targets -set -nocase -filter {name =~ "ARM*#0" && jtag_cable_name =~ "Digilent Zed 210248570877"} -index 0
con
----------------End of Script----------------

18:14:29 INFO  : Disconnected from the channel tcfchan#4.
18:17:13 INFO  : Connected to target on host '127.0.0.1' and port '3121'.
18:17:13 INFO  : 'targets -set -filter {jtag_cable_name =~ "Digilent Zed 210248570877" && level==0} -index 1' command is executed.
18:17:16 INFO  : FPGA configured successfully with bitstream "C:/temp/dhl_ex4/VHDL_Ex3.sdk/hw_platform_0/system_top.bit"
18:17:21 INFO  : 'targets -set -filter {jtag_cable_name =~ "Digilent Zed 210248570877" && level==0} -index 1' command is executed.
18:17:21 INFO  : 'fpga -state' command is executed.
18:17:21 INFO  : Connected to target on host '127.0.0.1' and port '3121'.
18:17:21 INFO  : Jtag cable 'Digilent Zed 210248570877' is selected.
18:17:21 INFO  : 'jtag frequency' command is executed.
18:17:21 INFO  : Sourcing of 'C:/temp/dhl_ex4/VHDL_Ex3.sdk/hw_platform_0/ps7_init.tcl' is done.
18:17:21 INFO  : Context for 'APU' is selected.
18:17:22 INFO  : Hardware design information is loaded from 'C:/temp/dhl_ex4/VHDL_Ex3.sdk/hw_platform_0/system.hdf'.
18:17:22 INFO  : 'configparams force-mem-access 1' command is executed.
18:17:22 INFO  : Context for 'APU' is selected.
18:17:22 INFO  : 'stop' command is executed.
18:17:22 INFO  : 'ps7_init' command is executed.
18:17:22 INFO  : 'ps7_post_config' command is executed.
18:17:22 INFO  : Context for processor 'ps7_cortexa9_0' is selected.
18:17:22 INFO  : Processor reset is completed for 'ps7_cortexa9_0'.
18:17:22 INFO  : Context for processor 'ps7_cortexa9_0' is selected.
18:17:23 INFO  : The application 'C:/temp/dhl_ex4/VHDL_Ex3.sdk/Divider_prj/Debug/Divider_prj.elf' is downloaded to processor 'ps7_cortexa9_0'.
18:17:23 INFO  : 'configparams force-mem-access 0' command is executed.
18:17:23 INFO  : ----------------XSDB Script----------------
connect -url tcp:127.0.0.1:3121
source C:/temp/dhl_ex4/VHDL_Ex3.sdk/hw_platform_0/ps7_init.tcl
targets -set -nocase -filter {name =~"APU*" && jtag_cable_name =~ "Digilent Zed 210248570877"} -index 0
loadhw -hw C:/temp/dhl_ex4/VHDL_Ex3.sdk/hw_platform_0/system.hdf -mem-ranges [list {0x40000000 0xbfffffff}]
configparams force-mem-access 1
targets -set -nocase -filter {name =~"APU*" && jtag_cable_name =~ "Digilent Zed 210248570877"} -index 0
stop
ps7_init
ps7_post_config
targets -set -nocase -filter {name =~ "ARM*#0" && jtag_cable_name =~ "Digilent Zed 210248570877"} -index 0
rst -processor
targets -set -nocase -filter {name =~ "ARM*#0" && jtag_cable_name =~ "Digilent Zed 210248570877"} -index 0
dow C:/temp/dhl_ex4/VHDL_Ex3.sdk/Divider_prj/Debug/Divider_prj.elf
configparams force-mem-access 0
----------------End of Script----------------

18:17:23 INFO  : Context for processor 'ps7_cortexa9_0' is selected.
18:17:23 INFO  : 'con' command is executed.
18:17:23 INFO  : ----------------XSDB Script (After Launch)----------------
targets -set -nocase -filter {name =~ "ARM*#0" && jtag_cable_name =~ "Digilent Zed 210248570877"} -index 0
con
----------------End of Script----------------

18:17:23 INFO  : Disconnected from the channel tcfchan#5.
